15-Dec-2016 09:32:37.298 INFO [main] com.springsource.tcserver.security.PropertyDecoder.<init> tc Runtime property decoder using memory-based key
15-Dec-2016 09:32:37.298 INFO [main] com.springsource.tcserver.security.TcDecoder.initCiphers Initializing ciphers
15-Dec-2016 09:32:38.266 INFO [main] com.springsource.tcserver.security.PropertyDecoder.<init> tcServer Runtime property decoder has been initialized in 991 ms
15-Dec-2016 09:32:39.714 INFO [main] org.apache.coyote.AbstractProtocol.init Initializing ProtocolHandler ["http-nio-8070"]
15-Dec-2016 09:32:40.572 INFO [main] org.apache.tomcat.util.net.NioSelectorPool.getSharedSelector Using a shared selector for servlet write/read
15-Dec-2016 09:32:41.060 INFO [main] com.springsource.tcserver.serviceability.rmi.JmxSocketListener.init Started up JMX registry on 127.0.0.1:6969 in 488 ms
15-Dec-2016 09:32:41.091 INFO [main] org.apache.catalina.core.StandardService.startInternal サービス Catalina を起動します
15-Dec-2016 09:32:41.091 INFO [main] org.apache.catalina.core.StandardEngine.startInternal Starting Servlet Engine: Pivotal tc Runtime 3.2.0.RELEASE/8.5.4.B.RELEASE
15-Dec-2016 09:32:41.123 INFO [localhost-startStop-1] org.apache.catalina.startup.HostConfig.deployDescriptor 設定記述子 C:\Users\y.shoma\Desktop\sts-bundle\pivotal-tc-server-developer-3.2.0.RELEASE\B2\conf\Catalina\localhost\a1.xml を配備します
15-Dec-2016 09:32:41.186 WARNING [localhost-startStop-1] org.apache.catalina.startup.SetContextPropertiesRule.begin [SetContextPropertiesRule]{Context} Setting property 'source' to 'org.eclipse.jst.jee.server:A1' did not find a matching property.
15-Dec-2016 09:32:43.267 INFO [localhost-startStop-1] org.apache.jasper.servlet.TldScanner.scanJars At least one JAR was scanned for TLDs yet contained no TLDs. Enable debug logging for this logger for a complete list of JARs that were scanned but no TLDs were found in them. Skipping unneeded JARs during scanning can improve startup time and JSP compilation time.
15-Dec-2016 09:32:45.122 INFO [localhost-startStop-1] org.apache.catalina.startup.HostConfig.deployDescriptor Deployment of configuration descriptor C:\Users\y.shoma\Desktop\sts-bundle\pivotal-tc-server-developer-3.2.0.RELEASE\B2\conf\Catalina\localhost\a1.xml has finished in 3,999 ms
15-Dec-2016 09:32:45.138 INFO [localhost-startStop-1] org.apache.catalina.startup.HostConfig.deployDirectory Webアプリケーションディレクトリ C:\Users\y.shoma\Desktop\sts-bundle\pivotal-tc-server-developer-3.2.0.RELEASE\B2\webapps\manager を配備します
15-Dec-2016 09:32:45.356 INFO [localhost-startStop-1] org.apache.jasper.servlet.TldScanner.scanJars At least one JAR was scanned for TLDs yet contained no TLDs. Enable debug logging for this logger for a complete list of JARs that were scanned but no TLDs were found in them. Skipping unneeded JARs during scanning can improve startup time and JSP compilation time.
15-Dec-2016 09:32:45.356 INFO [localhost-startStop-1] org.apache.catalina.startup.HostConfig.deployDirectory Deployment of web application directory C:\Users\y.shoma\Desktop\sts-bundle\pivotal-tc-server-developer-3.2.0.RELEASE\B2\webapps\manager has finished in 218 ms
15-Dec-2016 09:32:45.356 INFO [localhost-startStop-1] org.apache.catalina.startup.HostConfig.deployDirectory Webアプリケーションディレクトリ C:\Users\y.shoma\Desktop\sts-bundle\pivotal-tc-server-developer-3.2.0.RELEASE\B2\webapps\ROOT を配備します
15-Dec-2016 09:32:45.465 INFO [localhost-startStop-1] org.apache.jasper.servlet.TldScanner.scanJars At least one JAR was scanned for TLDs yet contained no TLDs. Enable debug logging for this logger for a complete list of JARs that were scanned but no TLDs were found in them. Skipping unneeded JARs during scanning can improve startup time and JSP compilation time.
15-Dec-2016 09:32:45.465 INFO [localhost-startStop-1] org.apache.catalina.startup.HostConfig.deployDirectory Deployment of web application directory C:\Users\y.shoma\Desktop\sts-bundle\pivotal-tc-server-developer-3.2.0.RELEASE\B2\webapps\ROOT has finished in 109 ms
15-Dec-2016 09:32:45.465 INFO [main] org.apache.coyote.AbstractProtocol.start Starting ProtocolHandler [http-nio-8070]
15-Dec-2016 09:32:48.529 INFO [RMI TCP Connection(3)-127.0.0.1] org.apache.coyote.AbstractProtocol.pause Pausing ProtocolHandler ["http-nio-8070"]
15-Dec-2016 09:32:48.591 INFO [RMI TCP Connection(3)-127.0.0.1] org.apache.catalina.core.StandardService.stopInternal サービス Catalina を停止します
15-Dec-2016 09:32:48.669 INFO [RMI TCP Connection(3)-127.0.0.1] org.apache.coyote.AbstractProtocol.stop Stopping ProtocolHandler ["http-nio-8070"]
15-Dec-2016 09:37:19.241 INFO [main] com.springsource.tcserver.security.PropertyDecoder.<init> tc Runtime property decoder using memory-based key
15-Dec-2016 09:37:19.241 INFO [main] com.springsource.tcserver.security.TcDecoder.initCiphers Initializing ciphers
15-Dec-2016 09:37:19.523 INFO [main] com.springsource.tcserver.security.PropertyDecoder.<init> tcServer Runtime property decoder has been initialized in 278 ms
15-Dec-2016 09:37:19.898 INFO [main] org.apache.coyote.AbstractProtocol.init Initializing ProtocolHandler ["http-nio-8070"]
15-Dec-2016 09:37:19.969 INFO [main] org.apache.tomcat.util.net.NioSelectorPool.getSharedSelector Using a shared selector for servlet write/read
15-Dec-2016 09:37:20.157 INFO [main] com.springsource.tcserver.serviceability.rmi.JmxSocketListener.init Started up JMX registry on 127.0.0.1:6969 in 176 ms
15-Dec-2016 09:37:20.172 INFO [main] org.apache.catalina.core.StandardService.startInternal サービス Catalina を起動します
15-Dec-2016 09:37:20.172 INFO [main] org.apache.catalina.core.StandardEngine.startInternal Starting Servlet Engine: Pivotal tc Runtime 3.2.0.RELEASE/8.5.4.B.RELEASE
15-Dec-2016 09:37:20.189 INFO [localhost-startStop-1] org.apache.catalina.startup.HostConfig.deployDescriptor 設定記述子 C:\Users\y.shoma\Desktop\sts-bundle\pivotal-tc-server-developer-3.2.0.RELEASE\B2\conf\Catalina\localhost\a1.xml を配備します
15-Dec-2016 09:37:20.220 WARNING [localhost-startStop-1] org.apache.catalina.startup.SetContextPropertiesRule.begin [SetContextPropertiesRule]{Context} Setting property 'source' to 'org.eclipse.jst.jee.server:A1' did not find a matching property.
15-Dec-2016 09:37:21.149 INFO [localhost-startStop-1] org.apache.jasper.servlet.TldScanner.scanJars At least one JAR was scanned for TLDs yet contained no TLDs. Enable debug logging for this logger for a complete list of JARs that were scanned but no TLDs were found in them. Skipping unneeded JARs during scanning can improve startup time and JSP compilation time.
15-Dec-2016 09:37:22.703 INFO [localhost-startStop-1] org.apache.catalina.startup.HostConfig.deployDescriptor Deployment of configuration descriptor C:\Users\y.shoma\Desktop\sts-bundle\pivotal-tc-server-developer-3.2.0.RELEASE\B2\conf\Catalina\localhost\a1.xml has finished in 2,514 ms
15-Dec-2016 09:37:22.703 INFO [localhost-startStop-1] org.apache.catalina.startup.HostConfig.deployDirectory Webアプリケーションディレクトリ C:\Users\y.shoma\Desktop\sts-bundle\pivotal-tc-server-developer-3.2.0.RELEASE\B2\webapps\manager を配備します
15-Dec-2016 09:37:22.828 INFO [localhost-startStop-1] org.apache.jasper.servlet.TldScanner.scanJars At least one JAR was scanned for TLDs yet contained no TLDs. Enable debug logging for this logger for a complete list of JARs that were scanned but no TLDs were found in them. Skipping unneeded JARs during scanning can improve startup time and JSP compilation time.
15-Dec-2016 09:37:22.843 INFO [localhost-startStop-1] org.apache.catalina.startup.HostConfig.deployDirectory Deployment of web application directory C:\Users\y.shoma\Desktop\sts-bundle\pivotal-tc-server-developer-3.2.0.RELEASE\B2\webapps\manager has finished in 140 ms
15-Dec-2016 09:37:22.843 INFO [localhost-startStop-1] org.apache.catalina.startup.HostConfig.deployDirectory Webアプリケーションディレクトリ C:\Users\y.shoma\Desktop\sts-bundle\pivotal-tc-server-developer-3.2.0.RELEASE\B2\webapps\ROOT を配備します
15-Dec-2016 09:37:22.948 INFO [localhost-startStop-1] org.apache.jasper.servlet.TldScanner.scanJars At least one JAR was scanned for TLDs yet contained no TLDs. Enable debug logging for this logger for a complete list of JARs that were scanned but no TLDs were found in them. Skipping unneeded JARs during scanning can improve startup time and JSP compilation time.
15-Dec-2016 09:37:22.948 INFO [localhost-startStop-1] org.apache.catalina.startup.HostConfig.deployDirectory Deployment of web application directory C:\Users\y.shoma\Desktop\sts-bundle\pivotal-tc-server-developer-3.2.0.RELEASE\B2\webapps\ROOT has finished in 105 ms
15-Dec-2016 09:37:22.948 INFO [main] org.apache.coyote.AbstractProtocol.start Starting ProtocolHandler [http-nio-8070]
15-Dec-2016 09:42:50.479 INFO [RMI TCP Connection(5)-127.0.0.1] org.apache.coyote.AbstractProtocol.pause Pausing ProtocolHandler ["http-nio-8070"]
15-Dec-2016 09:42:50.541 INFO [RMI TCP Connection(5)-127.0.0.1] org.apache.catalina.core.StandardService.stopInternal サービス Catalina を停止します
15-Dec-2016 09:42:50.557 INFO [RMI TCP Connection(5)-127.0.0.1] org.apache.coyote.AbstractProtocol.stop Stopping ProtocolHandler ["http-nio-8070"]
15-Dec-2016 09:45:15.484 INFO [main] com.springsource.tcserver.security.PropertyDecoder.<init> tc Runtime property decoder using memory-based key
15-Dec-2016 09:45:15.484 INFO [main] com.springsource.tcserver.security.TcDecoder.initCiphers Initializing ciphers
15-Dec-2016 09:45:15.765 INFO [main] com.springsource.tcserver.security.PropertyDecoder.<init> tcServer Runtime property decoder has been initialized in 291 ms
15-Dec-2016 09:45:16.174 INFO [main] org.apache.coyote.AbstractProtocol.init Initializing ProtocolHandler ["http-nio-8070"]
15-Dec-2016 09:45:16.252 INFO [main] org.apache.tomcat.util.net.NioSelectorPool.getSharedSelector Using a shared selector for servlet write/read
15-Dec-2016 09:45:16.425 INFO [main] com.springsource.tcserver.serviceability.rmi.JmxSocketListener.init Started up JMX registry on 127.0.0.1:6969 in 168 ms
15-Dec-2016 09:45:16.441 INFO [main] org.apache.catalina.core.StandardService.startInternal サービス Catalina を起動します
15-Dec-2016 09:45:16.441 INFO [main] org.apache.catalina.core.StandardEngine.startInternal Starting Servlet Engine: Pivotal tc Runtime 3.2.0.RELEASE/8.5.4.B.RELEASE
15-Dec-2016 09:45:16.441 INFO [localhost-startStop-1] org.apache.catalina.startup.HostConfig.deployDescriptor 設定記述子 C:\Users\y.shoma\Desktop\sts-bundle\pivotal-tc-server-developer-3.2.0.RELEASE\B2\conf\Catalina\localhost\a1.xml を配備します
15-Dec-2016 09:45:16.474 WARNING [localhost-startStop-1] org.apache.catalina.startup.SetContextPropertiesRule.begin [SetContextPropertiesRule]{Context} Setting property 'source' to 'org.eclipse.jst.jee.server:A1' did not find a matching property.
15-Dec-2016 09:45:17.448 INFO [localhost-startStop-1] org.apache.jasper.servlet.TldScanner.scanJars At least one JAR was scanned for TLDs yet contained no TLDs. Enable debug logging for this logger for a complete list of JARs that were scanned but no TLDs were found in them. Skipping unneeded JARs during scanning can improve startup time and JSP compilation time.
15-Dec-2016 09:45:18.945 INFO [localhost-startStop-1] org.apache.catalina.startup.HostConfig.deployDescriptor Deployment of configuration descriptor C:\Users\y.shoma\Desktop\sts-bundle\pivotal-tc-server-developer-3.2.0.RELEASE\B2\conf\Catalina\localhost\a1.xml has finished in 2,504 ms
15-Dec-2016 09:45:18.945 INFO [localhost-startStop-1] org.apache.catalina.startup.HostConfig.deployDirectory Webアプリケーションディレクトリ C:\Users\y.shoma\Desktop\sts-bundle\pivotal-tc-server-developer-3.2.0.RELEASE\B2\webapps\manager を配備します
15-Dec-2016 09:45:19.086 INFO [localhost-startStop-1] org.apache.jasper.servlet.TldScanner.scanJars At least one JAR was scanned for TLDs yet contained no TLDs. Enable debug logging for this logger for a complete list of JARs that were scanned but no TLDs were found in them. Skipping unneeded JARs during scanning can improve startup time and JSP compilation time.
15-Dec-2016 09:45:19.101 INFO [localhost-startStop-1] org.apache.catalina.startup.HostConfig.deployDirectory Deployment of web application directory C:\Users\y.shoma\Desktop\sts-bundle\pivotal-tc-server-developer-3.2.0.RELEASE\B2\webapps\manager has finished in 156 ms
15-Dec-2016 09:45:19.101 INFO [localhost-startStop-1] org.apache.catalina.startup.HostConfig.deployDirectory Webアプリケーションディレクトリ C:\Users\y.shoma\Desktop\sts-bundle\pivotal-tc-server-developer-3.2.0.RELEASE\B2\webapps\ROOT を配備します
15-Dec-2016 09:45:19.210 INFO [localhost-startStop-1] org.apache.jasper.servlet.TldScanner.scanJars At least one JAR was scanned for TLDs yet contained no TLDs. Enable debug logging for this logger for a complete list of JARs that were scanned but no TLDs were found in them. Skipping unneeded JARs during scanning can improve startup time and JSP compilation time.
15-Dec-2016 09:45:19.210 INFO [localhost-startStop-1] org.apache.catalina.startup.HostConfig.deployDirectory Deployment of web application directory C:\Users\y.shoma\Desktop\sts-bundle\pivotal-tc-server-developer-3.2.0.RELEASE\B2\webapps\ROOT has finished in 109 ms
15-Dec-2016 09:45:19.210 INFO [main] org.apache.coyote.AbstractProtocol.start Starting ProtocolHandler [http-nio-8070]
15-Dec-2016 09:48:22.724 INFO [RMI TCP Connection(4)-127.0.0.1] org.apache.coyote.AbstractProtocol.pause Pausing ProtocolHandler ["http-nio-8070"]
15-Dec-2016 09:48:22.786 INFO [RMI TCP Connection(4)-127.0.0.1] org.apache.catalina.core.StandardService.stopInternal サービス Catalina を停止します
15-Dec-2016 09:48:22.802 INFO [RMI TCP Connection(4)-127.0.0.1] org.apache.coyote.AbstractProtocol.stop Stopping ProtocolHandler ["http-nio-8070"]
15-Dec-2016 09:48:23.262 INFO [main] com.springsource.tcserver.security.PropertyDecoder.<init> tc Runtime property decoder using memory-based key
15-Dec-2016 09:48:23.262 INFO [main] com.springsource.tcserver.security.TcDecoder.initCiphers Initializing ciphers
15-Dec-2016 09:48:23.580 INFO [main] com.springsource.tcserver.security.PropertyDecoder.<init> tcServer Runtime property decoder has been initialized in 322 ms
15-Dec-2016 09:48:24.017 INFO [main] org.apache.coyote.AbstractProtocol.init Initializing ProtocolHandler ["http-nio-8070"]
15-Dec-2016 09:48:24.095 INFO [main] org.apache.tomcat.util.net.NioSelectorPool.getSharedSelector Using a shared selector for servlet write/read
15-Dec-2016 09:48:24.282 INFO [main] com.springsource.tcserver.serviceability.rmi.JmxSocketListener.init Started up JMX registry on 127.0.0.1:6969 in 179 ms
15-Dec-2016 09:48:24.313 INFO [main] org.apache.catalina.core.StandardService.startInternal サービス Catalina を起動します
15-Dec-2016 09:48:24.313 INFO [main] org.apache.catalina.core.StandardEngine.startInternal Starting Servlet Engine: Pivotal tc Runtime 3.2.0.RELEASE/8.5.4.B.RELEASE
15-Dec-2016 09:48:24.313 INFO [localhost-startStop-1] org.apache.catalina.startup.HostConfig.deployDescriptor 設定記述子 C:\Users\y.shoma\Desktop\sts-bundle\pivotal-tc-server-developer-3.2.0.RELEASE\B2\conf\Catalina\localhost\a1.xml を配備します
15-Dec-2016 09:48:24.345 WARNING [localhost-startStop-1] org.apache.catalina.startup.SetContextPropertiesRule.begin [SetContextPropertiesRule]{Context} Setting property 'source' to 'org.eclipse.jst.jee.server:A1' did not find a matching property.
15-Dec-2016 09:48:25.328 INFO [localhost-startStop-1] org.apache.jasper.servlet.TldScanner.scanJars At least one JAR was scanned for TLDs yet contained no TLDs. Enable debug logging for this logger for a complete list of JARs that were scanned but no TLDs were found in them. Skipping unneeded JARs during scanning can improve startup time and JSP compilation time.
15-Dec-2016 09:48:26.859 INFO [localhost-startStop-1] org.apache.catalina.startup.HostConfig.deployDescriptor Deployment of configuration descriptor C:\Users\y.shoma\Desktop\sts-bundle\pivotal-tc-server-developer-3.2.0.RELEASE\B2\conf\Catalina\localhost\a1.xml has finished in 2,546 ms
15-Dec-2016 09:48:26.859 INFO [localhost-startStop-1] org.apache.catalina.startup.HostConfig.deployDirectory Webアプリケーションディレクトリ C:\Users\y.shoma\Desktop\sts-bundle\pivotal-tc-server-developer-3.2.0.RELEASE\B2\webapps\manager を配備します
15-Dec-2016 09:48:26.968 INFO [localhost-startStop-1] org.apache.jasper.servlet.TldScanner.scanJars At least one JAR was scanned for TLDs yet contained no TLDs. Enable debug logging for this logger for a complete list of JARs that were scanned but no TLDs were found in them. Skipping unneeded JARs during scanning can improve startup time and JSP compilation time.
15-Dec-2016 09:48:26.984 INFO [localhost-startStop-1] org.apache.catalina.startup.HostConfig.deployDirectory Deployment of web application directory C:\Users\y.shoma\Desktop\sts-bundle\pivotal-tc-server-developer-3.2.0.RELEASE\B2\webapps\manager has finished in 125 ms
15-Dec-2016 09:48:26.984 INFO [localhost-startStop-1] org.apache.catalina.startup.HostConfig.deployDirectory Webアプリケーションディレクトリ C:\Users\y.shoma\Desktop\sts-bundle\pivotal-tc-server-developer-3.2.0.RELEASE\B2\webapps\ROOT を配備します
15-Dec-2016 09:48:27.077 INFO [localhost-startStop-1] org.apache.jasper.servlet.TldScanner.scanJars At least one JAR was scanned for TLDs yet contained no TLDs. Enable debug logging for this logger for a complete list of JARs that were scanned but no TLDs were found in them. Skipping unneeded JARs during scanning can improve startup time and JSP compilation time.
15-Dec-2016 09:48:27.077 INFO [localhost-startStop-1] org.apache.catalina.startup.HostConfig.deployDirectory Deployment of web application directory C:\Users\y.shoma\Desktop\sts-bundle\pivotal-tc-server-developer-3.2.0.RELEASE\B2\webapps\ROOT has finished in 93 ms
15-Dec-2016 09:48:27.093 INFO [main] org.apache.coyote.AbstractProtocol.start Starting ProtocolHandler [http-nio-8070]
15-Dec-2016 09:49:19.423 INFO [RMI TCP Connection(4)-127.0.0.1] org.apache.coyote.AbstractProtocol.pause Pausing ProtocolHandler ["http-nio-8070"]
15-Dec-2016 09:49:19.485 INFO [RMI TCP Connection(4)-127.0.0.1] org.apache.catalina.core.StandardService.stopInternal サービス Catalina を停止します
15-Dec-2016 09:49:19.516 INFO [RMI TCP Connection(4)-127.0.0.1] org.apache.coyote.AbstractProtocol.stop Stopping ProtocolHandler ["http-nio-8070"]
15-Dec-2016 09:49:20.005 INFO [main] com.springsource.tcserver.security.PropertyDecoder.<init> tc Runtime property decoder using memory-based key
15-Dec-2016 09:49:20.005 INFO [main] com.springsource.tcserver.security.TcDecoder.initCiphers Initializing ciphers
15-Dec-2016 09:49:20.348 INFO [main] com.springsource.tcserver.security.PropertyDecoder.<init> tcServer Runtime property decoder has been initialized in 346 ms
15-Dec-2016 09:49:20.800 INFO [main] org.apache.coyote.AbstractProtocol.init Initializing ProtocolHandler ["http-nio-8070"]
15-Dec-2016 09:49:20.878 INFO [main] org.apache.tomcat.util.net.NioSelectorPool.getSharedSelector Using a shared selector for servlet write/read
15-Dec-2016 09:49:21.066 INFO [main] com.springsource.tcserver.serviceability.rmi.JmxSocketListener.init Started up JMX registry on 127.0.0.1:6969 in 177 ms
15-Dec-2016 09:49:21.098 INFO [main] org.apache.catalina.core.StandardService.startInternal サービス Catalina を起動します
15-Dec-2016 09:49:21.098 INFO [main] org.apache.catalina.core.StandardEngine.startInternal Starting Servlet Engine: Pivotal tc Runtime 3.2.0.RELEASE/8.5.4.B.RELEASE
15-Dec-2016 09:49:21.098 INFO [localhost-startStop-1] org.apache.catalina.startup.HostConfig.deployDescriptor 設定記述子 C:\Users\y.shoma\Desktop\sts-bundle\pivotal-tc-server-developer-3.2.0.RELEASE\B2\conf\Catalina\localhost\a1.xml を配備します
15-Dec-2016 09:49:21.129 WARNING [localhost-startStop-1] org.apache.catalina.startup.SetContextPropertiesRule.begin [SetContextPropertiesRule]{Context} Setting property 'source' to 'org.eclipse.jst.jee.server:A1' did not find a matching property.
15-Dec-2016 09:49:22.096 INFO [localhost-startStop-1] org.apache.jasper.servlet.TldScanner.scanJars At least one JAR was scanned for TLDs yet contained no TLDs. Enable debug logging for this logger for a complete list of JARs that were scanned but no TLDs were found in them. Skipping unneeded JARs during scanning can improve startup time and JSP compilation time.
15-Dec-2016 09:49:23.736 INFO [localhost-startStop-1] org.apache.catalina.startup.HostConfig.deployDescriptor Deployment of configuration descriptor C:\Users\y.shoma\Desktop\sts-bundle\pivotal-tc-server-developer-3.2.0.RELEASE\B2\conf\Catalina\localhost\a1.xml has finished in 2,638 ms
15-Dec-2016 09:49:23.752 INFO [localhost-startStop-1] org.apache.catalina.startup.HostConfig.deployDirectory Webアプリケーションディレクトリ C:\Users\y.shoma\Desktop\sts-bundle\pivotal-tc-server-developer-3.2.0.RELEASE\B2\webapps\manager を配備します
15-Dec-2016 09:49:23.845 INFO [localhost-startStop-1] org.apache.jasper.servlet.TldScanner.scanJars At least one JAR was scanned for TLDs yet contained no TLDs. Enable debug logging for this logger for a complete list of JARs that were scanned but no TLDs were found in them. Skipping unneeded JARs during scanning can improve startup time and JSP compilation time.
15-Dec-2016 09:49:23.861 INFO [localhost-startStop-1] org.apache.catalina.startup.HostConfig.deployDirectory Deployment of web application directory C:\Users\y.shoma\Desktop\sts-bundle\pivotal-tc-server-developer-3.2.0.RELEASE\B2\webapps\manager has finished in 109 ms
15-Dec-2016 09:49:23.861 INFO [localhost-startStop-1] org.apache.catalina.startup.HostConfig.deployDirectory Webアプリケーションディレクトリ C:\Users\y.shoma\Desktop\sts-bundle\pivotal-tc-server-developer-3.2.0.RELEASE\B2\webapps\ROOT を配備します
15-Dec-2016 09:49:23.955 INFO [localhost-startStop-1] org.apache.jasper.servlet.TldScanner.scanJars At least one JAR was scanned for TLDs yet contained no TLDs. Enable debug logging for this logger for a complete list of JARs that were scanned but no TLDs were found in them. Skipping unneeded JARs during scanning can improve startup time and JSP compilation time.
15-Dec-2016 09:49:23.955 INFO [localhost-startStop-1] org.apache.catalina.startup.HostConfig.deployDirectory Deployment of web application directory C:\Users\y.shoma\Desktop\sts-bundle\pivotal-tc-server-developer-3.2.0.RELEASE\B2\webapps\ROOT has finished in 94 ms
15-Dec-2016 09:49:23.970 INFO [main] org.apache.coyote.AbstractProtocol.start Starting ProtocolHandler [http-nio-8070]
15-Dec-2016 09:57:14.108 INFO [RMI TCP Connection(5)-127.0.0.1] org.apache.coyote.AbstractProtocol.pause Pausing ProtocolHandler ["http-nio-8070"]
15-Dec-2016 09:57:14.170 INFO [RMI TCP Connection(5)-127.0.0.1] org.apache.catalina.core.StandardService.stopInternal サービス Catalina を停止します
15-Dec-2016 09:57:14.186 INFO [RMI TCP Connection(5)-127.0.0.1] org.apache.coyote.AbstractProtocol.stop Stopping ProtocolHandler ["http-nio-8070"]
15-Dec-2016 09:57:14.663 INFO [main] com.springsource.tcserver.security.PropertyDecoder.<init> tc Runtime property decoder using memory-based key
15-Dec-2016 09:57:14.678 INFO [main] com.springsource.tcserver.security.TcDecoder.initCiphers Initializing ciphers
15-Dec-2016 09:57:15.006 INFO [main] com.springsource.tcserver.security.PropertyDecoder.<init> tcServer Runtime property decoder has been initialized in 346 ms
15-Dec-2016 09:57:15.458 INFO [main] org.apache.coyote.AbstractProtocol.init Initializing ProtocolHandler ["http-nio-8070"]
15-Dec-2016 09:57:15.536 INFO [main] org.apache.tomcat.util.net.NioSelectorPool.getSharedSelector Using a shared selector for servlet write/read
15-Dec-2016 09:57:15.725 INFO [main] com.springsource.tcserver.serviceability.rmi.JmxSocketListener.init Started up JMX registry on 127.0.0.1:6969 in 188 ms
15-Dec-2016 09:57:15.758 INFO [main] org.apache.catalina.core.StandardService.startInternal サービス Catalina を起動します
15-Dec-2016 09:57:15.758 INFO [main] org.apache.catalina.core.StandardEngine.startInternal Starting Servlet Engine: Pivotal tc Runtime 3.2.0.RELEASE/8.5.4.B.RELEASE
15-Dec-2016 09:57:15.773 INFO [localhost-startStop-1] org.apache.catalina.startup.HostConfig.deployDescriptor 設定記述子 C:\Users\y.shoma\Desktop\sts-bundle\pivotal-tc-server-developer-3.2.0.RELEASE\B2\conf\Catalina\localhost\a1.xml を配備します
15-Dec-2016 09:57:15.805 WARNING [localhost-startStop-1] org.apache.catalina.startup.SetContextPropertiesRule.begin [SetContextPropertiesRule]{Context} Setting property 'source' to 'org.eclipse.jst.jee.server:A1' did not find a matching property.
15-Dec-2016 09:57:16.756 INFO [localhost-startStop-1] org.apache.jasper.servlet.TldScanner.scanJars At least one JAR was scanned for TLDs yet contained no TLDs. Enable debug logging for this logger for a complete list of JARs that were scanned but no TLDs were found in them. Skipping unneeded JARs during scanning can improve startup time and JSP compilation time.
15-Dec-2016 09:57:18.291 INFO [localhost-startStop-1] org.apache.catalina.startup.HostConfig.deployDescriptor Deployment of configuration descriptor C:\Users\y.shoma\Desktop\sts-bundle\pivotal-tc-server-developer-3.2.0.RELEASE\B2\conf\Catalina\localhost\a1.xml has finished in 2,518 ms
15-Dec-2016 09:57:18.291 INFO [localhost-startStop-1] org.apache.catalina.startup.HostConfig.deployDirectory Webアプリケーションディレクトリ C:\Users\y.shoma\Desktop\sts-bundle\pivotal-tc-server-developer-3.2.0.RELEASE\B2\webapps\manager を配備します
15-Dec-2016 09:57:18.431 INFO [localhost-startStop-1] org.apache.jasper.servlet.TldScanner.scanJars At least one JAR was scanned for TLDs yet contained no TLDs. Enable debug logging for this logger for a complete list of JARs that were scanned but no TLDs were found in them. Skipping unneeded JARs during scanning can improve startup time and JSP compilation time.
15-Dec-2016 09:57:18.447 INFO [localhost-startStop-1] org.apache.catalina.startup.HostConfig.deployDirectory Deployment of web application directory C:\Users\y.shoma\Desktop\sts-bundle\pivotal-tc-server-developer-3.2.0.RELEASE\B2\webapps\manager has finished in 156 ms
15-Dec-2016 09:57:18.447 INFO [localhost-startStop-1] org.apache.catalina.startup.HostConfig.deployDirectory Webアプリケーションディレクトリ C:\Users\y.shoma\Desktop\sts-bundle\pivotal-tc-server-developer-3.2.0.RELEASE\B2\webapps\ROOT を配備します
15-Dec-2016 09:57:18.556 INFO [localhost-startStop-1] org.apache.jasper.servlet.TldScanner.scanJars At least one JAR was scanned for TLDs yet contained no TLDs. Enable debug logging for this logger for a complete list of JARs that were scanned but no TLDs were found in them. Skipping unneeded JARs during scanning can improve startup time and JSP compilation time.
15-Dec-2016 09:57:18.556 INFO [localhost-startStop-1] org.apache.catalina.startup.HostConfig.deployDirectory Deployment of web application directory C:\Users\y.shoma\Desktop\sts-bundle\pivotal-tc-server-developer-3.2.0.RELEASE\B2\webapps\ROOT has finished in 109 ms
15-Dec-2016 09:57:18.556 INFO [main] org.apache.coyote.AbstractProtocol.start Starting ProtocolHandler [http-nio-8070]
15-Dec-2016 10:01:43.870 INFO [RMI TCP Connection(4)-127.0.0.1] org.apache.coyote.AbstractProtocol.pause Pausing ProtocolHandler ["http-nio-8070"]
15-Dec-2016 10:01:43.932 INFO [RMI TCP Connection(4)-127.0.0.1] org.apache.catalina.core.StandardService.stopInternal サービス Catalina を停止します
15-Dec-2016 10:01:43.948 INFO [RMI TCP Connection(4)-127.0.0.1] org.apache.coyote.AbstractProtocol.stop Stopping ProtocolHandler ["http-nio-8070"]
15-Dec-2016 10:14:47.146 INFO [main] com.springsource.tcserver.security.PropertyDecoder.<init> tc Runtime property decoder using memory-based key
15-Dec-2016 10:14:47.146 INFO [main] com.springsource.tcserver.security.TcDecoder.initCiphers Initializing ciphers
15-Dec-2016 10:14:47.443 INFO [main] com.springsource.tcserver.security.PropertyDecoder.<init> tcServer Runtime property decoder has been initialized in 304 ms
15-Dec-2016 10:14:47.864 INFO [main] org.apache.coyote.AbstractProtocol.init Initializing ProtocolHandler ["http-nio-8070"]
15-Dec-2016 10:14:47.942 INFO [main] org.apache.tomcat.util.net.NioSelectorPool.getSharedSelector Using a shared selector for servlet write/read
15-Dec-2016 10:14:48.145 INFO [main] com.springsource.tcserver.serviceability.rmi.JmxSocketListener.init Started up JMX registry on 127.0.0.1:6969 in 204 ms
15-Dec-2016 10:14:48.176 INFO [main] org.apache.catalina.core.StandardService.startInternal サービス Catalina を起動します
15-Dec-2016 10:14:48.176 INFO [main] org.apache.catalina.core.StandardEngine.startInternal Starting Servlet Engine: Pivotal tc Runtime 3.2.0.RELEASE/8.5.4.B.RELEASE
15-Dec-2016 10:14:48.176 INFO [localhost-startStop-1] org.apache.catalina.startup.HostConfig.deployDescriptor 設定記述子 C:\Users\y.shoma\Desktop\sts-bundle\pivotal-tc-server-developer-3.2.0.RELEASE\B2\conf\Catalina\localhost\a1.xml を配備します
15-Dec-2016 10:14:48.224 WARNING [localhost-startStop-1] org.apache.catalina.startup.SetContextPropertiesRule.begin [SetContextPropertiesRule]{Context} Setting property 'source' to 'org.eclipse.jst.jee.server:A1' did not find a matching property.
15-Dec-2016 10:14:49.103 INFO [localhost-startStop-1] org.apache.jasper.servlet.TldScanner.scanJars At least one JAR was scanned for TLDs yet contained no TLDs. Enable debug logging for this logger for a complete list of JARs that were scanned but no TLDs were found in them. Skipping unneeded JARs during scanning can improve startup time and JSP compilation time.
15-Dec-2016 10:14:50.557 INFO [localhost-startStop-1] org.apache.catalina.startup.HostConfig.deployDescriptor Deployment of configuration descriptor C:\Users\y.shoma\Desktop\sts-bundle\pivotal-tc-server-developer-3.2.0.RELEASE\B2\conf\Catalina\localhost\a1.xml has finished in 2,381 ms
15-Dec-2016 10:14:50.557 INFO [localhost-startStop-1] org.apache.catalina.startup.HostConfig.deployDirectory Webアプリケーションディレクトリ C:\Users\y.shoma\Desktop\sts-bundle\pivotal-tc-server-developer-3.2.0.RELEASE\B2\webapps\manager を配備します
15-Dec-2016 10:14:50.681 INFO [localhost-startStop-1] org.apache.jasper.servlet.TldScanner.scanJars At least one JAR was scanned for TLDs yet contained no TLDs. Enable debug logging for this logger for a complete list of JARs that were scanned but no TLDs were found in them. Skipping unneeded JARs during scanning can improve startup time and JSP compilation time.
15-Dec-2016 10:14:50.681 INFO [localhost-startStop-1] org.apache.catalina.startup.HostConfig.deployDirectory Deployment of web application directory C:\Users\y.shoma\Desktop\sts-bundle\pivotal-tc-server-developer-3.2.0.RELEASE\B2\webapps\manager has finished in 124 ms
15-Dec-2016 10:14:50.681 INFO [localhost-startStop-1] org.apache.catalina.startup.HostConfig.deployDirectory Webアプリケーションディレクトリ C:\Users\y.shoma\Desktop\sts-bundle\pivotal-tc-server-developer-3.2.0.RELEASE\B2\webapps\ROOT を配備します
15-Dec-2016 10:14:50.786 INFO [localhost-startStop-1] org.apache.jasper.servlet.TldScanner.scanJars At least one JAR was scanned for TLDs yet contained no TLDs. Enable debug logging for this logger for a complete list of JARs that were scanned but no TLDs were found in them. Skipping unneeded JARs during scanning can improve startup time and JSP compilation time.
15-Dec-2016 10:14:50.786 INFO [localhost-startStop-1] org.apache.catalina.startup.HostConfig.deployDirectory Deployment of web application directory C:\Users\y.shoma\Desktop\sts-bundle\pivotal-tc-server-developer-3.2.0.RELEASE\B2\webapps\ROOT has finished in 105 ms
15-Dec-2016 10:14:50.801 INFO [main] org.apache.coyote.AbstractProtocol.start Starting ProtocolHandler [http-nio-8070]
15-Dec-2016 10:15:01.292 INFO [ContainerBackgroundProcessor[StandardEngine[Catalina]]] org.apache.catalina.startup.HostConfig.undeploy コンテキストパス /a1 のWebアプリケーションの配備を解除します
15-Dec-2016 10:15:05.501 INFO [RMI TCP Connection(3)-127.0.0.1] org.apache.coyote.AbstractProtocol.pause Pausing ProtocolHandler ["http-nio-8070"]
15-Dec-2016 10:15:05.564 INFO [RMI TCP Connection(3)-127.0.0.1] org.apache.catalina.core.StandardService.stopInternal サービス Catalina を停止します
15-Dec-2016 10:15:05.564 INFO [RMI TCP Connection(3)-127.0.0.1] org.apache.coyote.AbstractProtocol.stop Stopping ProtocolHandler ["http-nio-8070"]
